<?xml version="1.0" encoding="UTF-8"?>
<Site BuildName="(empty)"
	BuildStamp="20240708-1634-Experimental"
	Name="yrus-VirtualBox"
	Generator="ctest-3.16.3"
	CompilerName="/usr/bin/c++"
	CompilerVersion="9.4.0"
	OSName="Linux"
	Hostname="yrus-VirtualBox"
	OSRelease="5.15.0-113-generic"
	OSVersion="#123~20.04.1-Ubuntu SMP Wed Jun 12 17:33:13 UTC 2024"
	OSPlatform="x86_64"
	Is64Bits="1"
	VendorString="AuthenticAMD"
	VendorID="Advanced Micro Devices"
	FamilyID="25"
	ModelID="116"
	ProcessorCacheSize="1024"
	NumberOfLogicalCPU="6"
	NumberOfPhysicalCPU="6"
	TotalVirtualMemory="1162"
	TotalPhysicalMemory="7811"
	LogicalProcessorsPerPhysical="1"
	ProcessorClockFrequency="3792.88"
	>
	<Testing>
		<StartDateTime>Jul 08 22:04 IST</StartDateTime>
		<StartTestTime>1720456492</StartTestTime>
		<TestList/>
		<EndDateTime>Jul 08 22:04 IST</EndDateTime>
		<EndTestTime>1720456492</EndTestTime>
		<ElapsedMinutes>0</ElapsedMinutes>
	</Testing>
</Site>
